2024-11-10 16:55:52,170 - INFO - Starting setup...
2024-11-10 16:55:52,170 - INFO - Setup completed successfully
2024-11-10 16:55:52,170 - INFO - Starting downloads for category: uta
2024-11-10 16:55:52,170 - INFO - Processing page 1/380
2024-11-10 16:56:06,939 - INFO - Starting setup...
2024-11-10 16:56:06,940 - INFO - Setup completed successfully
2024-11-10 16:56:06,940 - INFO - Starting downloads for category: uta
2024-11-10 16:56:06,940 - INFO - Processing page 1/380
2024-11-10 16:56:09,084 - INFO - Processing page 2/380
2024-11-10 16:56:11,227 - INFO - Processing page 3/380
2024-11-10 16:56:13,363 - INFO - Processing page 4/380
2024-11-10 16:56:15,512 - INFO - Processing page 5/380
2024-11-10 16:56:17,655 - INFO - Processing page 6/380
2024-11-10 16:56:19,802 - INFO - Processing page 7/380
2024-11-10 16:56:21,930 - INFO - Processing page 8/380
2024-11-10 16:56:24,089 - INFO - Processing page 9/380
2024-11-10 16:56:26,238 - INFO - Processing page 10/380
2024-11-10 16:56:28,466 - INFO - Processing page 11/380
2024-11-10 16:56:30,620 - INFO - Processing page 12/380
2024-11-10 16:56:32,768 - INFO - Processing page 13/380
2024-11-10 16:56:34,896 - INFO - Processing page 14/380
2024-11-10 16:56:37,013 - INFO - Processing page 15/380
2024-11-10 16:59:25,917 - INFO - Starting setup...
2024-11-10 16:59:25,917 - INFO - Setup completed successfully
2024-11-10 16:59:25,917 - INFO - Starting downloads for category: uta
2024-11-10 16:59:25,918 - INFO - Processing page 1/380
2024-11-10 16:59:28,048 - INFO - Processing page 2/380
2024-11-10 16:59:30,221 - INFO - Processing page 3/380
2024-11-10 16:59:32,360 - INFO - Processing page 4/380
2024-11-10 16:59:34,546 - INFO - Processing page 5/380
2024-11-10 16:59:36,692 - INFO - Processing page 6/380
2024-11-10 16:59:38,841 - INFO - Processing page 7/380
2024-11-10 16:59:40,988 - INFO - Processing page 8/380
2024-11-10 16:59:43,131 - INFO - Processing page 9/380
2024-11-10 16:59:45,288 - INFO - Processing page 10/380
2024-11-10 16:59:47,428 - INFO - Processing page 11/380
2024-11-10 16:59:49,607 - INFO - Processing page 12/380
2024-11-10 16:59:51,764 - INFO - Processing page 13/380
2024-11-10 16:59:53,910 - INFO - Processing page 14/380
2024-11-10 16:59:56,040 - INFO - Processing page 15/380
2024-11-10 16:59:58,171 - INFO - Processing page 16/380
2024-11-10 17:00:00,361 - INFO - Processing page 17/380
2024-11-10 17:00:02,513 - INFO - Processing page 18/380
2024-11-10 17:00:04,720 - INFO - Processing page 19/380
2024-11-10 17:00:06,913 - INFO - Processing page 20/380
2024-11-10 17:00:09,062 - INFO - Processing page 21/380
2024-11-10 17:00:11,224 - INFO - Processing page 22/380
2024-11-10 17:00:13,368 - INFO - Processing page 23/380
2024-11-10 17:00:15,527 - INFO - Processing page 24/380
2024-11-10 17:00:17,688 - INFO - Processing page 25/380
2024-11-10 17:00:19,811 - INFO - Processing page 26/380
2024-11-10 17:00:21,960 - INFO - Processing page 27/380
2024-11-10 17:00:24,159 - INFO - Processing page 28/380
2024-11-10 17:00:26,285 - INFO - Processing page 29/380
2024-11-10 17:00:28,423 - INFO - Processing page 30/380
2024-11-10 17:00:30,646 - INFO - Processing page 31/380
2024-11-10 17:00:32,781 - INFO - Processing page 32/380
2024-11-10 17:00:34,962 - INFO - Processing page 33/380
2024-11-10 17:00:37,138 - INFO - Processing page 34/380
2024-11-10 17:00:39,311 - INFO - Processing page 35/380
2024-11-10 17:00:41,476 - INFO - Processing page 36/380
2024-11-10 17:00:43,636 - INFO - Processing page 37/380
2024-11-10 17:00:45,819 - INFO - Processing page 38/380
2024-11-10 17:00:47,979 - INFO - Processing page 39/380
2024-11-10 17:00:50,149 - INFO - Processing page 40/380
2024-11-10 17:00:52,282 - INFO - Processing page 41/380
2024-11-10 17:00:54,428 - INFO - Processing page 42/380
2024-11-10 17:00:56,563 - INFO - Processing page 43/380
2024-11-10 17:00:58,694 - INFO - Processing page 44/380
2024-11-10 17:01:00,790 - INFO - Processing page 45/380
2024-11-10 17:01:02,912 - INFO - Processing page 46/380
2024-11-10 17:01:05,009 - INFO - Processing page 47/380
2024-11-10 17:01:07,155 - INFO - Processing page 48/380
2024-11-10 17:01:09,265 - INFO - Processing page 49/380
2024-11-10 17:01:11,473 - INFO - Processing page 50/380
2024-11-10 17:01:13,584 - INFO - Processing page 51/380
2024-11-10 17:01:15,674 - INFO - Processing page 52/380
2024-11-10 17:01:17,781 - INFO - Processing page 53/380
2024-11-10 17:01:19,899 - INFO - Processing page 54/380
2024-11-10 17:01:22,008 - INFO - Processing page 55/380
2024-11-10 17:01:24,105 - INFO - Processing page 56/380
2024-11-10 17:01:26,195 - INFO - Processing page 57/380
2024-11-10 17:01:28,317 - INFO - Processing page 58/380
2024-11-10 17:01:30,458 - INFO - Processing page 59/380
2024-11-10 17:01:32,569 - INFO - Processing page 60/380
2024-11-10 17:01:34,692 - INFO - Processing page 61/380
2024-11-10 17:01:36,807 - INFO - Processing page 62/380
2024-11-10 17:01:38,908 - INFO - Processing page 63/380
2024-11-10 17:01:41,014 - INFO - Processing page 64/380
2024-11-10 17:01:43,118 - INFO - Processing page 65/380
2024-11-10 17:01:45,272 - INFO - Processing page 66/380
2024-11-10 17:01:47,368 - INFO - Processing page 67/380
2024-11-10 17:01:49,469 - INFO - Processing page 68/380
2024-11-10 17:01:51,587 - INFO - Processing page 69/380
2024-11-10 17:01:53,690 - INFO - Processing page 70/380
2024-11-10 17:01:55,843 - INFO - Processing page 71/380
2024-11-10 17:01:57,949 - INFO - Processing page 72/380
2024-11-10 17:02:00,088 - INFO - Processing page 73/380
2024-11-10 17:02:02,197 - INFO - Processing page 74/380
2024-11-10 17:02:04,308 - INFO - Processing page 75/380
2024-11-10 17:02:06,418 - INFO - Processing page 76/380
2024-11-10 17:02:08,538 - INFO - Processing page 77/380
2024-11-10 17:02:10,659 - INFO - Processing page 78/380
2024-11-10 17:02:12,788 - INFO - Processing page 79/380
2024-11-10 17:02:14,894 - INFO - Processing page 80/380
2024-11-10 17:02:16,996 - INFO - Processing page 81/380
2024-11-10 17:02:19,099 - INFO - Processing page 82/380
2024-11-10 17:02:21,209 - INFO - Processing page 83/380
2024-11-10 17:02:23,311 - INFO - Processing page 84/380
2024-11-10 17:02:25,455 - INFO - Processing page 85/380
2024-11-10 17:02:27,573 - INFO - Processing page 86/380
2024-11-10 17:02:29,686 - INFO - Processing page 87/380
2024-11-10 17:02:31,773 - INFO - Processing page 88/380
2024-11-10 17:02:33,882 - INFO - Processing page 89/380
2024-11-10 17:02:36,006 - INFO - Processing page 90/380
2024-11-10 17:02:38,112 - INFO - Processing page 91/380
2024-11-10 17:02:40,225 - INFO - Processing page 92/380
2024-11-10 17:02:42,346 - INFO - Processing page 93/380
2024-11-10 17:02:44,448 - INFO - Processing page 94/380
2024-11-10 17:02:46,571 - INFO - Processing page 95/380
2024-11-10 17:02:48,670 - INFO - Processing page 96/380
2024-11-10 17:02:50,777 - INFO - Processing page 97/380
2024-11-10 17:02:52,905 - INFO - Processing page 98/380
2024-11-10 17:02:55,044 - INFO - Processing page 99/380
2024-11-10 17:02:57,136 - INFO - Processing page 100/380
2024-11-10 17:02:59,247 - INFO - Processing page 101/380
2024-11-10 17:03:01,361 - INFO - Processing page 102/380
2024-11-10 17:03:03,485 - INFO - Processing page 103/380
2024-11-10 17:03:05,627 - INFO - Processing page 104/380
2024-11-10 17:03:07,764 - INFO - Processing page 105/380
2024-11-10 17:03:09,904 - INFO - Processing page 106/380
2024-11-10 17:03:12,010 - INFO - Processing page 107/380
2024-11-10 17:03:14,166 - INFO - Processing page 108/380
2024-11-10 17:03:16,299 - INFO - Processing page 109/380
2024-11-10 17:03:18,394 - INFO - Processing page 110/380
2024-11-10 17:03:20,500 - INFO - Processing page 111/380
2024-11-10 17:03:22,624 - INFO - Processing page 112/380
2024-11-10 17:03:24,729 - INFO - Processing page 113/380
2024-11-10 17:03:26,866 - INFO - Processing page 114/380
2024-11-10 17:03:28,989 - INFO - Processing page 115/380
2024-11-10 17:03:31,101 - INFO - Processing page 116/380
2024-11-10 17:03:33,244 - INFO - Processing page 117/380
2024-11-10 17:03:35,360 - INFO - Processing page 118/380
2024-11-10 17:03:37,473 - INFO - Processing page 119/380
2024-11-10 17:03:39,586 - INFO - Processing page 120/380
2024-11-10 17:03:41,722 - INFO - Processing page 121/380
2024-11-10 17:03:43,868 - INFO - Processing page 122/380
2024-11-10 17:03:45,984 - INFO - Processing page 123/380
2024-11-10 17:03:48,097 - INFO - Processing page 124/380
2024-11-10 17:03:50,402 - INFO - Processing page 125/380
2024-11-10 17:03:52,588 - INFO - Processing page 126/380
2024-11-10 17:03:54,702 - INFO - Processing page 127/380
2024-11-10 17:03:56,833 - INFO - Processing page 128/380
2024-11-10 17:03:58,934 - INFO - Processing page 129/380
2024-11-10 17:04:01,092 - INFO - Processing page 130/380
2024-11-10 17:04:03,202 - INFO - Processing page 131/380
2024-11-10 17:04:05,494 - INFO - Processing page 132/380
2024-11-10 17:04:07,603 - INFO - Processing page 133/380
2024-11-10 17:04:09,737 - INFO - Processing page 134/380
2024-11-10 17:04:11,840 - INFO - Processing page 135/380
2024-11-10 17:04:14,017 - INFO - Processing page 136/380
2024-11-10 17:04:16,124 - INFO - Processing page 137/380
2024-11-10 17:04:18,238 - INFO - Processing page 138/380
2024-11-10 17:04:20,343 - INFO - Processing page 139/380
2024-11-10 17:04:22,451 - INFO - Processing page 140/380
2024-11-10 17:04:24,555 - INFO - Processing page 141/380
2024-11-10 17:04:26,682 - INFO - Processing page 142/380
2024-11-10 17:04:28,790 - INFO - Processing page 143/380
2024-11-10 17:04:30,909 - INFO - Processing page 144/380
2024-11-10 17:04:33,019 - INFO - Processing page 145/380
2024-11-10 17:04:35,133 - INFO - Processing page 146/380
2024-11-10 17:04:37,256 - INFO - Processing page 147/380
2024-11-10 17:04:39,363 - INFO - Processing page 148/380
2024-11-10 17:04:41,480 - INFO - Processing page 149/380
2024-11-10 17:04:43,611 - INFO - Processing page 150/380
2024-11-10 17:04:45,714 - INFO - Processing page 151/380
2024-11-10 17:04:47,862 - INFO - Processing page 152/380
2024-11-10 17:04:49,968 - INFO - Processing page 153/380
2024-11-10 17:04:52,091 - INFO - Processing page 154/380
2024-11-10 17:04:54,237 - INFO - Processing page 155/380
2024-11-10 17:04:56,358 - INFO - Processing page 156/380
2024-11-10 17:04:58,480 - INFO - Processing page 157/380
2024-11-10 17:05:00,606 - INFO - Processing page 158/380
2024-11-10 17:05:02,713 - INFO - Processing page 159/380
2024-11-10 17:05:04,844 - INFO - Processing page 160/380
2024-11-10 17:05:06,972 - INFO - Processing page 161/380
2024-11-10 17:05:09,088 - INFO - Processing page 162/380
2024-11-10 17:05:11,189 - INFO - Processing page 163/380
2024-11-10 17:05:13,294 - INFO - Processing page 164/380
2024-11-10 17:05:15,399 - INFO - Processing page 165/380
2024-11-10 17:05:17,519 - INFO - Processing page 166/380
2024-11-10 17:05:19,643 - INFO - Processing page 167/380
2024-11-10 17:05:21,786 - INFO - Processing page 168/380
2024-11-10 17:05:23,883 - INFO - Processing page 169/380
2024-11-10 17:05:25,996 - INFO - Processing page 170/380
2024-11-10 17:05:28,113 - INFO - Processing page 171/380
2024-11-10 17:05:30,216 - INFO - Processing page 172/380
2024-11-10 17:05:32,326 - INFO - Processing page 173/380
2024-11-10 17:05:34,430 - INFO - Processing page 174/380
2024-11-10 17:05:36,540 - INFO - Processing page 175/380
2024-11-10 17:05:38,645 - INFO - Processing page 176/380
2024-11-10 17:05:40,744 - INFO - Processing page 177/380
2024-11-10 17:05:42,874 - INFO - Processing page 178/380
2024-11-10 17:05:44,966 - INFO - Processing page 179/380
2024-11-10 17:05:47,113 - INFO - Processing page 180/380
2024-11-10 17:05:49,242 - INFO - Processing page 181/380
2024-11-10 17:05:51,371 - INFO - Processing page 182/380
2024-11-10 17:05:53,497 - INFO - Processing page 183/380
2024-11-10 17:05:55,607 - INFO - Processing page 184/380
2024-11-10 17:05:57,735 - INFO - Processing page 185/380
2024-11-10 17:05:59,844 - INFO - Processing page 186/380
2024-11-10 17:06:01,973 - INFO - Processing page 187/380
2024-11-10 17:06:04,090 - INFO - Processing page 188/380
2024-11-10 17:06:06,257 - INFO - Processing page 189/380
2024-11-10 17:06:08,378 - INFO - Processing page 190/380
2024-11-10 17:06:10,529 - INFO - Processing page 191/380
2024-11-10 17:06:12,648 - INFO - Processing page 192/380
2024-11-10 17:06:14,750 - INFO - Processing page 193/380
2024-11-10 17:06:16,867 - INFO - Processing page 194/380
2024-11-10 17:06:18,976 - INFO - Processing page 195/380
2024-11-10 17:06:21,086 - INFO - Processing page 196/380
2024-11-10 17:06:23,200 - INFO - Processing page 197/380
2024-11-10 17:06:25,298 - INFO - Processing page 198/380
2024-11-10 17:06:27,421 - INFO - Processing page 199/380
2024-11-10 17:06:29,546 - INFO - Processing page 200/380
2024-11-10 17:06:31,683 - INFO - Processing page 201/380
2024-11-10 17:06:33,779 - INFO - Processing page 202/380
2024-11-10 17:06:35,918 - INFO - Processing page 203/380
2024-11-10 17:06:38,020 - INFO - Processing page 204/380
2024-11-10 17:06:40,125 - INFO - Processing page 205/380
2024-11-10 17:06:42,229 - INFO - Processing page 206/380
2024-11-10 17:06:44,352 - INFO - Processing page 207/380
2024-11-10 17:06:46,485 - INFO - Processing page 208/380
2024-11-10 17:06:48,603 - INFO - Processing page 209/380
2024-11-10 17:06:50,694 - INFO - Processing page 210/380
2024-11-10 17:06:52,816 - INFO - Processing page 211/380
2024-11-10 17:06:54,945 - INFO - Processing page 212/380
2024-11-10 17:06:57,070 - INFO - Processing page 213/380
2024-11-10 17:06:59,187 - INFO - Processing page 214/380
2024-11-10 17:07:01,348 - INFO - Processing page 215/380
2024-11-10 17:07:03,469 - INFO - Processing page 216/380
2024-11-10 17:07:05,582 - INFO - Processing page 217/380
2024-11-10 17:07:07,693 - INFO - Processing page 218/380
2024-11-10 17:07:09,798 - INFO - Processing page 219/380
2024-11-10 17:07:11,898 - INFO - Processing page 220/380
2024-11-10 17:07:14,003 - INFO - Processing page 221/380
2024-11-10 17:07:16,110 - INFO - Processing page 222/380
2024-11-10 17:07:18,221 - INFO - Processing page 223/380
2024-11-10 17:07:20,345 - INFO - Processing page 224/380
2024-11-10 17:07:22,439 - INFO - Processing page 225/380
2024-11-10 17:07:24,566 - INFO - Processing page 226/380
2024-11-10 17:07:26,684 - INFO - Processing page 227/380
2024-11-10 17:07:28,793 - INFO - Processing page 228/380
2024-11-10 17:07:30,897 - INFO - Processing page 229/380
2024-11-10 17:07:33,000 - INFO - Processing page 230/380
2024-11-10 17:07:35,099 - INFO - Processing page 231/380
2024-11-10 17:07:37,233 - INFO - Processing page 232/380
2024-11-10 17:07:39,346 - INFO - Processing page 233/380
2024-11-10 17:07:41,463 - INFO - Processing page 234/380
2024-11-10 17:07:43,586 - INFO - Processing page 235/380
2024-11-10 17:07:45,683 - INFO - Processing page 236/380
2024-11-10 17:07:47,805 - INFO - Processing page 237/380
2024-11-10 17:07:49,930 - INFO - Processing page 238/380
2024-11-10 17:07:52,057 - INFO - Processing page 239/380
2024-11-10 17:07:54,173 - INFO - Processing page 240/380
2024-11-10 17:07:56,277 - INFO - Processing page 241/380
2024-11-10 17:07:58,383 - INFO - Processing page 242/380
2024-11-10 17:08:00,514 - INFO - Processing page 243/380
2024-11-10 17:08:02,657 - INFO - Processing page 244/380
2024-11-10 17:08:04,757 - INFO - Processing page 245/380
2024-11-10 17:08:06,860 - INFO - Processing page 246/380
2024-11-10 17:08:08,980 - INFO - Processing page 247/380
2024-11-10 17:08:11,101 - INFO - Processing page 248/380
2024-11-10 17:08:13,216 - INFO - Processing page 249/380
2024-11-10 17:08:15,351 - INFO - Processing page 250/380
2024-11-10 17:08:17,502 - INFO - Processing page 251/380
2024-11-10 17:08:19,613 - INFO - Processing page 252/380
2024-11-10 17:08:21,727 - INFO - Processing page 253/380
2024-11-10 17:08:23,829 - INFO - Processing page 254/380
2024-11-10 17:08:25,930 - INFO - Processing page 255/380
2024-11-10 17:08:28,042 - INFO - Processing page 256/380
2024-11-10 17:08:30,146 - INFO - Processing page 257/380
2024-11-10 17:08:32,283 - INFO - Processing page 258/380
2024-11-10 17:08:34,405 - INFO - Processing page 259/380
2024-11-10 17:08:36,517 - INFO - Processing page 260/380
2024-11-10 17:08:38,630 - INFO - Processing page 261/380
2024-11-10 17:08:40,745 - INFO - Processing page 262/380
2024-11-10 17:08:42,845 - INFO - Processing page 263/380
2024-11-10 17:08:44,978 - INFO - Processing page 264/380
2024-11-10 17:08:47,089 - INFO - Processing page 265/380
2024-11-10 17:08:49,214 - INFO - Processing page 266/380
2024-11-10 17:08:51,338 - INFO - Processing page 267/380
2024-11-10 17:08:53,441 - INFO - Processing page 268/380
2024-11-10 17:08:55,545 - INFO - Processing page 269/380
2024-11-10 17:08:57,680 - INFO - Processing page 270/380
2024-11-10 17:08:59,805 - INFO - Processing page 271/380
2024-11-10 17:09:01,930 - INFO - Processing page 272/380
2024-11-10 17:09:04,166 - INFO - Processing page 273/380
2024-11-10 17:09:06,270 - INFO - Processing page 274/380
2024-11-10 17:09:08,374 - INFO - Processing page 275/380
2024-11-10 17:09:10,483 - INFO - Processing page 276/380
2024-11-10 17:09:12,596 - INFO - Processing page 277/380
2024-11-10 17:09:14,715 - INFO - Processing page 278/380
2024-11-10 17:09:16,836 - INFO - Processing page 279/380
2024-11-10 17:09:18,943 - INFO - Processing page 280/380
2024-11-10 17:09:21,056 - INFO - Processing page 281/380
2024-11-10 17:09:23,177 - INFO - Processing page 282/380
2024-11-10 17:09:25,307 - INFO - Processing page 283/380
2024-11-10 17:09:27,699 - INFO - Processing page 284/380
2024-11-10 17:09:29,810 - INFO - Processing page 285/380
2024-11-10 17:09:31,955 - INFO - Processing page 286/380
2024-11-10 17:09:34,072 - INFO - Processing page 287/380
2024-11-10 17:09:36,203 - INFO - Processing page 288/380
2024-11-10 17:09:38,316 - INFO - Processing page 289/380
2024-11-10 17:09:40,491 - INFO - Processing page 290/380
2024-11-10 17:09:42,616 - INFO - Processing page 291/380
2024-11-10 17:09:44,737 - INFO - Processing page 292/380
2024-11-10 17:09:46,856 - INFO - Processing page 293/380
2024-11-10 17:09:48,974 - INFO - Processing page 294/380
2024-11-10 17:09:51,098 - INFO - Processing page 295/380
2024-11-10 17:09:53,221 - INFO - Processing page 296/380
2024-11-10 17:09:55,321 - INFO - Processing page 297/380
2024-11-10 17:09:57,458 - INFO - Processing page 298/380
2024-11-10 17:09:59,596 - INFO - Processing page 299/380
2024-11-10 17:10:01,724 - INFO - Processing page 300/380
2024-11-10 17:10:03,824 - INFO - Processing page 301/380
2024-11-10 17:10:05,928 - INFO - Processing page 302/380
2024-11-10 17:10:08,049 - INFO - Processing page 303/380
2024-11-10 17:10:10,142 - INFO - Processing page 304/380
2024-11-10 17:10:12,246 - INFO - Processing page 305/380
2024-11-10 17:10:14,380 - INFO - Processing page 306/380
2024-11-10 17:10:16,495 - INFO - Processing page 307/380
2024-11-10 17:10:18,598 - INFO - Processing page 308/380
2024-11-10 17:10:20,715 - INFO - Processing page 309/380
2024-11-10 17:10:22,822 - INFO - Processing page 310/380
2024-11-10 17:10:24,932 - INFO - Processing page 311/380
2024-11-10 17:10:27,049 - INFO - Processing page 312/380
2024-11-10 17:10:29,166 - INFO - Processing page 313/380
2024-11-10 17:10:31,309 - INFO - Processing page 314/380
2024-11-10 17:10:33,422 - INFO - Processing page 315/380
2024-11-10 17:10:35,552 - INFO - Processing page 316/380
2024-11-10 17:10:37,663 - INFO - Processing page 317/380
2024-11-10 17:10:39,776 - INFO - Processing page 318/380
2024-11-10 17:10:41,897 - INFO - Processing page 319/380
2024-11-10 17:10:44,002 - INFO - Processing page 320/380
2024-11-10 17:10:46,103 - INFO - Processing page 321/380
2024-11-10 17:10:48,208 - INFO - Processing page 322/380
2024-11-10 17:10:50,327 - INFO - Processing page 323/380
2024-11-10 17:10:52,467 - INFO - Processing page 324/380
2024-11-10 17:10:54,578 - INFO - Processing page 325/380
2024-11-10 17:10:56,700 - INFO - Processing page 326/380
2024-11-10 17:10:58,821 - INFO - Processing page 327/380
2024-11-10 17:11:00,940 - INFO - Processing page 328/380
2024-11-10 17:11:03,047 - INFO - Processing page 329/380
2024-11-10 17:11:05,217 - INFO - Processing page 330/380
2024-11-10 17:11:07,331 - INFO - Processing page 331/380
2024-11-10 17:11:09,448 - INFO - Processing page 332/380
2024-11-10 17:11:11,550 - INFO - Processing page 333/380
2024-11-10 17:11:13,657 - INFO - Processing page 334/380
2024-11-10 17:11:15,761 - INFO - Processing page 335/380
2024-11-10 17:11:17,891 - INFO - Processing page 336/380
2024-11-10 17:11:20,021 - INFO - Processing page 337/380
2024-11-10 17:11:22,155 - INFO - Processing page 338/380
2024-11-10 17:11:24,288 - INFO - Processing page 339/380
2024-11-10 17:11:26,409 - INFO - Processing page 340/380
2024-11-10 17:11:28,534 - INFO - Processing page 341/380
2024-11-10 17:11:30,656 - INFO - Processing page 342/380
2024-11-10 17:11:32,773 - INFO - Processing page 343/380
2024-11-10 17:11:34,886 - INFO - Processing page 344/380
2024-11-10 17:11:36,999 - INFO - Processing page 345/380
2024-11-10 17:11:39,095 - INFO - Processing page 346/380
2024-11-10 17:11:41,221 - INFO - Processing page 347/380
2024-11-10 17:11:43,371 - INFO - Processing page 348/380
2024-11-10 17:11:45,501 - INFO - Processing page 349/380
2024-11-10 17:11:47,602 - INFO - Processing page 350/380
2024-11-10 17:11:49,706 - INFO - Processing page 351/380
2024-11-10 17:11:51,829 - INFO - Processing page 352/380
2024-11-10 17:11:53,956 - INFO - Processing page 353/380
2024-11-10 17:11:56,066 - INFO - Processing page 354/380
2024-11-10 17:11:58,204 - INFO - Processing page 355/380
2024-11-10 17:12:00,325 - INFO - Processing page 356/380
2024-11-10 17:12:02,426 - INFO - Processing page 357/380
2024-11-10 17:12:04,535 - INFO - Processing page 358/380
2024-11-10 17:12:06,648 - INFO - Processing page 359/380
2024-11-10 17:12:08,752 - INFO - Processing page 360/380
2024-11-10 17:12:10,867 - INFO - Processing page 361/380
2024-11-10 17:12:12,997 - INFO - Processing page 362/380
2024-11-10 17:12:15,163 - INFO - Processing page 363/380
2024-11-10 17:12:17,273 - INFO - Processing page 364/380
2024-11-10 17:12:19,381 - INFO - Processing page 365/380
2024-11-10 17:12:21,487 - INFO - Processing page 366/380
2024-11-10 17:12:23,624 - INFO - Processing page 367/380
2024-11-10 17:12:25,720 - INFO - Processing page 368/380
2024-11-10 17:12:27,845 - INFO - Processing page 369/380
2024-11-10 17:12:29,974 - INFO - Processing page 370/380
2024-11-10 17:12:32,081 - INFO - Processing page 371/380
2024-11-10 17:12:34,201 - INFO - Processing page 372/380
2024-11-10 17:12:36,322 - INFO - Processing page 373/380
2024-11-10 17:12:38,440 - INFO - Processing page 374/380
2024-11-10 17:12:40,535 - INFO - Processing page 375/380
2024-11-10 17:12:42,669 - INFO - Processing page 376/380
2024-11-10 17:12:44,762 - INFO - Processing page 377/380
2024-11-10 17:12:46,915 - INFO - Processing page 378/380
2024-11-10 17:12:49,041 - INFO - Processing page 379/380
2024-11-10 17:12:51,151 - INFO - Processing page 380/380
2024-11-10 17:12:53,258 - INFO - Starting downloads for category: rebecca
2024-11-10 17:12:53,259 - INFO - Processing page 1/380
2024-11-10 17:12:55,393 - INFO - Processing page 2/380
2024-11-10 17:12:57,519 - INFO - Processing page 3/380
2024-11-10 17:12:59,657 - INFO - Processing page 4/380
2024-11-10 17:13:01,822 - INFO - Processing page 5/380
2024-11-10 17:13:03,952 - INFO - Processing page 6/380
2024-11-10 17:13:06,089 - INFO - Processing page 7/380
2024-11-10 17:13:08,228 - INFO - Processing page 8/380
2024-11-10 17:13:10,356 - INFO - Processing page 9/380
2024-11-10 17:13:12,504 - INFO - Processing page 10/380
2024-11-10 17:13:14,652 - INFO - Processing page 11/380
2024-11-10 17:13:16,783 - INFO - Processing page 12/380
2024-11-10 17:13:18,919 - INFO - Processing page 13/380
2024-11-10 17:13:21,046 - INFO - Processing page 14/380
2024-11-10 17:13:23,193 - INFO - Processing page 15/380
2024-11-10 17:13:25,329 - INFO - Processing page 16/380
2024-11-10 17:13:27,497 - INFO - Processing page 17/380
2024-11-10 17:13:29,641 - INFO - Processing page 18/380
2024-11-10 17:13:31,807 - INFO - Processing page 19/380
2024-11-10 17:13:33,952 - INFO - Processing page 20/380
2024-11-10 17:13:36,088 - INFO - Processing page 21/380
2024-11-10 17:13:38,238 - INFO - Processing page 22/380
2024-11-10 17:13:40,378 - INFO - Processing page 23/380
2024-11-10 17:13:42,514 - INFO - Processing page 24/380
2024-11-10 17:13:44,655 - INFO - Processing page 25/380
2024-11-10 17:13:46,780 - INFO - Processing page 26/380
2024-11-10 17:13:48,941 - INFO - Processing page 27/380
2024-11-10 17:13:51,088 - INFO - Processing page 28/380
2024-11-10 17:13:53,235 - INFO - Processing page 29/380
2024-11-10 17:13:55,354 - INFO - Processing page 30/380
2024-11-10 17:13:57,486 - INFO - Processing page 31/380
2024-11-10 17:13:59,636 - INFO - Processing page 32/380
2024-11-10 17:14:01,816 - INFO - Processing page 33/380
2024-11-10 17:14:03,933 - INFO - Processing page 34/380
2024-11-10 17:14:06,036 - INFO - Processing page 35/380
2024-11-10 17:14:08,142 - INFO - Processing page 36/380
2024-11-10 17:14:10,243 - INFO - Processing page 37/380
2024-11-10 17:14:12,352 - INFO - Processing page 38/380
2024-11-10 17:14:14,456 - INFO - Processing page 39/380
2024-11-10 17:14:16,594 - INFO - Processing page 40/380
2024-11-10 17:14:18,720 - INFO - Processing page 41/380
2024-11-10 17:14:20,854 - INFO - Processing page 42/380
2024-11-10 17:14:22,982 - INFO - Processing page 43/380
2024-11-10 17:14:25,089 - INFO - Processing page 44/380
2024-11-10 17:14:27,214 - INFO - Processing page 45/380
2024-11-10 17:14:29,325 - INFO - Processing page 46/380
2024-11-10 17:14:31,426 - INFO - Processing page 47/380
2024-11-10 17:14:33,557 - INFO - Processing page 48/380
2024-11-10 17:14:35,709 - INFO - Processing page 49/380
2024-11-10 17:14:37,852 - INFO - Processing page 50/380
2024-11-10 17:14:39,965 - INFO - Processing page 51/380
2024-11-10 17:14:42,077 - INFO - Processing page 52/380
2024-11-10 17:14:44,213 - INFO - Processing page 53/380
2024-11-10 17:14:46,566 - INFO - Processing page 54/380
2024-11-10 17:14:48,704 - INFO - Processing page 55/380
2024-11-10 17:14:50,809 - INFO - Processing page 56/380
2024-11-10 17:14:52,910 - INFO - Processing page 57/380
2024-11-10 17:14:55,019 - INFO - Processing page 58/380
2024-11-10 17:14:57,123 - INFO - Processing page 59/380
2024-11-10 17:14:59,280 - INFO - Processing page 60/380
2024-11-10 17:15:01,389 - INFO - Processing page 61/380
2024-11-10 17:15:03,506 - INFO - Processing page 62/380
2024-11-10 17:15:05,627 - INFO - Processing page 63/380
2024-11-10 17:15:07,731 - INFO - Processing page 64/380
2024-11-10 17:15:09,866 - INFO - Processing page 65/380
2024-11-10 17:15:12,000 - INFO - Processing page 66/380
2024-11-10 17:15:14,157 - INFO - Processing page 67/380
2024-11-10 17:15:16,271 - INFO - Processing page 68/380
2024-11-10 17:15:18,405 - INFO - Processing page 69/380
2024-11-10 17:15:20,551 - INFO - Processing page 70/380
2024-11-10 17:15:22,660 - INFO - Processing page 71/380
2024-11-10 17:15:24,756 - INFO - Processing page 72/380
2024-11-10 17:15:26,873 - INFO - Processing page 73/380
2024-11-10 17:15:29,048 - INFO - Processing page 74/380
2024-11-10 17:15:31,169 - INFO - Processing page 75/380
2024-11-10 17:15:33,271 - INFO - Processing page 76/380
2024-11-10 17:15:35,372 - INFO - Processing page 77/380
2024-11-10 17:15:37,484 - INFO - Processing page 78/380
2024-11-10 17:15:39,610 - INFO - Processing page 79/380
2024-11-10 17:15:41,730 - INFO - Processing page 80/380
2024-11-10 17:15:43,875 - INFO - Processing page 81/380
2024-11-10 17:15:45,994 - INFO - Processing page 82/380
2024-11-10 17:15:48,097 - INFO - Processing page 83/380
2024-11-10 17:15:50,199 - INFO - Processing page 84/380
2024-11-10 17:15:52,306 - INFO - Processing page 85/380
2024-11-10 17:15:54,411 - INFO - Processing page 86/380
2024-11-10 17:15:56,516 - INFO - Processing page 87/380
2024-11-10 17:15:58,659 - INFO - Processing page 88/380
2024-11-10 17:16:00,754 - INFO - Processing page 89/380
2024-11-10 17:16:02,866 - INFO - Processing page 90/380
2024-11-10 17:16:04,988 - INFO - Processing page 91/380
2024-11-10 17:16:07,101 - INFO - Processing page 92/380
2024-11-10 17:16:09,233 - INFO - Processing page 93/380
2024-11-10 17:16:11,352 - INFO - Processing page 94/380
2024-11-10 17:16:13,477 - INFO - Processing page 95/380
2024-11-10 17:16:15,598 - INFO - Processing page 96/380
2024-11-10 17:16:17,711 - INFO - Processing page 97/380
2024-11-10 17:16:19,819 - INFO - Processing page 98/380
2024-11-10 17:16:21,934 - INFO - Processing page 99/380
2024-11-10 17:16:24,046 - INFO - Processing page 100/380
2024-11-10 17:16:26,166 - INFO - Processing page 101/380
2024-11-10 17:16:28,267 - INFO - Processing page 102/380
2024-11-10 17:16:30,379 - INFO - Processing page 103/380
2024-11-10 17:16:32,480 - INFO - Processing page 104/380
2024-11-10 17:16:34,585 - INFO - Processing page 105/380
2024-11-10 17:16:36,683 - INFO - Processing page 106/380
2024-11-10 17:16:38,797 - INFO - Processing page 107/380
2024-11-10 17:16:40,916 - INFO - Processing page 108/380
2024-11-10 17:16:43,041 - INFO - Processing page 109/380
2024-11-10 17:16:45,145 - INFO - Processing page 110/380
2024-11-10 17:16:47,253 - INFO - Processing page 111/380
2024-11-10 17:16:49,387 - INFO - Processing page 112/380
2024-11-10 17:16:51,489 - INFO - Processing page 113/380
2024-11-10 17:16:53,638 - INFO - Processing page 114/380
2024-11-10 17:16:55,748 - INFO - Processing page 115/380
2024-11-10 17:16:57,854 - INFO - Processing page 116/380
2024-11-10 17:16:59,993 - INFO - Processing page 117/380
2024-11-10 17:17:02,113 - INFO - Processing page 118/380
2024-11-10 17:17:04,233 - INFO - Processing page 119/380
2024-11-10 17:17:06,336 - INFO - Processing page 120/380
2024-11-10 17:17:08,447 - INFO - Processing page 121/380
2024-11-10 17:17:10,563 - INFO - Processing page 122/380
2024-11-10 17:17:12,674 - INFO - Processing page 123/380
2024-11-10 17:17:14,779 - INFO - Processing page 124/380
2024-11-10 17:17:16,875 - INFO - Processing page 125/380
2024-11-10 17:17:19,014 - INFO - Processing page 126/380
2024-11-10 17:17:21,156 - INFO - Processing page 127/380
2024-11-10 17:17:23,261 - INFO - Processing page 128/380
2024-11-10 17:17:25,368 - INFO - Processing page 129/380
2024-11-10 17:17:27,466 - INFO - Processing page 130/380
2024-11-10 17:17:29,584 - INFO - Processing page 131/380
2024-11-10 17:17:31,688 - INFO - Processing page 132/380
2024-11-10 17:17:33,859 - INFO - Processing page 133/380
2024-11-10 17:17:35,973 - INFO - Processing page 134/380
2024-11-10 17:17:38,090 - INFO - Processing page 135/380
2024-11-10 17:17:40,202 - INFO - Processing page 136/380
2024-11-10 17:17:42,387 - INFO - Processing page 137/380
2024-11-10 17:17:44,512 - INFO - Processing page 138/380
2024-11-10 17:17:46,656 - INFO - Processing page 139/380
2024-11-10 17:17:48,763 - INFO - Processing page 140/380
2024-11-10 17:17:50,870 - INFO - Processing page 141/380
2024-11-10 17:17:52,987 - INFO - Processing page 142/380
2024-11-10 17:17:55,095 - INFO - Processing page 143/380
2024-11-10 17:17:57,232 - INFO - Processing page 144/380
2024-11-10 17:17:59,357 - INFO - Processing page 145/380
2024-11-10 17:18:01,480 - INFO - Processing page 146/380
2024-11-10 17:18:03,602 - INFO - Processing page 147/380
2024-11-10 17:18:05,709 - INFO - Processing page 148/380
2024-11-10 17:18:07,825 - INFO - Processing page 149/380
2024-11-10 17:18:09,951 - INFO - Processing page 150/380
2024-11-10 17:18:12,131 - INFO - Processing page 151/380
2024-11-10 17:18:14,278 - INFO - Processing page 152/380
2024-11-10 17:18:16,392 - INFO - Processing page 153/380
2024-11-10 17:18:18,513 - INFO - Processing page 154/380
2024-11-10 17:18:20,617 - INFO - Processing page 155/380
2024-11-10 17:18:22,729 - INFO - Processing page 156/380
2024-11-10 17:18:24,844 - INFO - Processing page 157/380
2024-11-10 17:18:26,965 - INFO - Processing page 158/380
2024-11-10 17:18:29,110 - INFO - Processing page 159/380
2024-11-10 17:18:31,218 - INFO - Processing page 160/380
2024-11-10 17:18:33,320 - INFO - Processing page 161/380
2024-11-10 17:18:35,436 - INFO - Processing page 162/380
2024-11-10 17:18:37,539 - INFO - Processing page 163/380
2024-11-10 17:18:39,650 - INFO - Processing page 164/380
2024-11-10 17:18:41,774 - INFO - Processing page 165/380
2024-11-10 17:18:43,902 - INFO - Processing page 166/380
2024-11-10 17:18:46,012 - INFO - Processing page 167/380
2024-11-10 17:18:48,135 - INFO - Processing page 168/380
2024-11-10 17:18:50,278 - INFO - Processing page 169/380
2024-11-10 17:18:52,401 - INFO - Processing page 170/380
2024-11-10 17:18:54,534 - INFO - Processing page 171/380
2024-11-10 17:18:56,643 - INFO - Processing page 172/380
2024-11-10 17:18:58,750 - INFO - Processing page 173/380
2024-11-10 17:19:00,877 - INFO - Processing page 174/380
2024-11-10 17:19:02,967 - INFO - Processing page 175/380
2024-11-10 17:19:05,104 - INFO - Processing page 176/380
2024-11-10 17:19:07,203 - INFO - Processing page 177/380
2024-11-10 17:19:09,524 - INFO - Processing page 178/380
2024-11-10 17:19:11,629 - INFO - Processing page 179/380
2024-11-10 17:19:13,768 - INFO - Processing page 180/380
2024-11-10 17:19:15,876 - INFO - Processing page 181/380
2024-11-10 17:19:17,985 - INFO - Processing page 182/380
2024-11-10 17:19:20,105 - INFO - Processing page 183/380
2024-11-10 17:19:22,215 - INFO - Processing page 184/380
2024-11-10 17:19:24,327 - INFO - Processing page 185/380
2024-11-10 17:19:26,435 - INFO - Processing page 186/380
2024-11-10 17:19:28,541 - INFO - Processing page 187/380
2024-11-10 17:19:30,649 - INFO - Processing page 188/380
2024-11-10 17:19:32,782 - INFO - Processing page 189/380
2024-11-10 17:19:34,898 - INFO - Processing page 190/380
2024-11-10 17:19:37,007 - INFO - Processing page 191/380
2024-11-10 17:19:39,109 - INFO - Processing page 192/380
2024-11-10 17:19:41,239 - INFO - Processing page 193/380
2024-11-10 17:19:43,356 - INFO - Processing page 194/380
2024-11-10 17:19:45,485 - INFO - Processing page 195/380
2024-11-10 17:19:47,590 - INFO - Processing page 196/380
2024-11-10 17:19:49,702 - INFO - Processing page 197/380
2024-11-10 17:19:51,811 - INFO - Processing page 198/380
2024-11-10 17:19:53,928 - INFO - Processing page 199/380
2024-11-10 17:19:56,029 - INFO - Processing page 200/380
2024-11-10 17:19:58,124 - INFO - Processing page 201/380
2024-11-10 17:20:00,259 - INFO - Processing page 202/380
2024-11-10 17:20:02,355 - INFO - Processing page 203/380
2024-11-10 17:20:04,479 - INFO - Processing page 204/380
2024-11-10 17:20:06,587 - INFO - Processing page 205/380
2024-11-10 17:20:08,707 - INFO - Processing page 206/380
2024-11-10 17:20:10,819 - INFO - Processing page 207/380
2024-11-10 17:20:12,921 - INFO - Processing page 208/380
2024-11-10 17:20:15,025 - INFO - Processing page 209/380
2024-11-10 17:20:17,284 - INFO - Processing page 210/380
2024-11-10 17:20:19,404 - INFO - Processing page 211/380
2024-11-10 17:20:21,515 - INFO - Processing page 212/380
2024-11-10 17:20:23,602 - INFO - Processing page 213/380
2024-11-10 17:20:25,708 - INFO - Processing page 214/380
2024-11-10 17:20:27,824 - INFO - Processing page 215/380
2024-11-10 17:20:29,939 - INFO - Processing page 216/380
2024-11-10 17:20:32,044 - INFO - Processing page 217/380
2024-11-10 17:20:34,180 - INFO - Processing page 218/380
2024-11-10 17:20:36,278 - INFO - Processing page 219/380
2024-11-10 17:20:38,386 - INFO - Processing page 220/380
2024-11-10 17:20:40,751 - INFO - Processing page 221/380
2024-11-10 17:20:43,078 - INFO - Processing page 222/380
2024-11-10 17:20:45,172 - INFO - Processing page 223/380
2024-11-10 17:20:47,280 - INFO - Processing page 224/380
2024-11-10 17:20:49,421 - INFO - Processing page 225/380
2024-11-10 17:20:51,520 - INFO - Processing page 226/380
2024-11-10 17:20:53,618 - INFO - Processing page 227/380
2024-11-10 17:20:55,739 - INFO - Processing page 228/380
2024-11-10 17:20:57,841 - INFO - Processing page 229/380
2024-11-10 17:20:59,962 - INFO - Processing page 230/380
2024-11-10 17:21:02,061 - INFO - Processing page 231/380
2024-11-10 17:21:04,195 - INFO - Processing page 232/380
2024-11-10 17:21:06,308 - INFO - Processing page 233/380
2024-11-10 17:21:08,411 - INFO - Processing page 234/380
2024-11-10 17:21:10,531 - INFO - Processing page 235/380
2024-11-10 17:21:12,649 - INFO - Processing page 236/380
2024-11-10 17:21:14,765 - INFO - Processing page 237/380
2024-11-10 17:21:16,872 - INFO - Processing page 238/380
2024-11-10 17:21:18,981 - INFO - Processing page 239/380
2024-11-10 17:21:21,090 - INFO - Processing page 240/380
2024-11-10 17:21:23,191 - INFO - Processing page 241/380
2024-11-10 17:21:25,296 - INFO - Processing page 242/380
2024-11-10 17:21:27,403 - INFO - Processing page 243/380
2024-11-10 17:21:29,523 - INFO - Processing page 244/380
2024-11-10 17:21:31,625 - INFO - Processing page 245/380
2024-11-10 17:21:33,721 - INFO - Processing page 246/380
2024-11-10 17:21:35,857 - INFO - Processing page 247/380
2024-11-10 17:21:37,982 - INFO - Processing page 248/380
2024-11-10 17:21:40,080 - INFO - Processing page 249/380
2024-11-10 17:21:42,178 - INFO - Processing page 250/380
2024-11-10 17:21:44,277 - INFO - Processing page 251/380
2024-11-10 17:21:46,450 - INFO - Processing page 252/380
2024-11-10 17:21:48,566 - INFO - Processing page 253/380
2024-11-10 17:21:50,725 - INFO - Processing page 254/380
2024-11-10 17:21:52,831 - INFO - Processing page 255/380
2024-11-10 17:21:54,947 - INFO - Processing page 256/380
2024-11-10 17:21:57,057 - INFO - Processing page 257/380
2024-11-10 17:21:59,161 - INFO - Processing page 258/380
2024-11-10 17:22:01,276 - INFO - Processing page 259/380
2024-11-10 17:22:03,438 - INFO - Processing page 260/380
2024-11-10 17:22:05,581 - INFO - Processing page 261/380
2024-11-10 17:22:07,686 - INFO - Processing page 262/380
2024-11-10 17:22:09,807 - INFO - Processing page 263/380
2024-11-10 17:22:11,909 - INFO - Processing page 264/380
2024-11-10 17:22:14,017 - INFO - Processing page 265/380
2024-11-10 17:22:16,120 - INFO - Processing page 266/380
2024-11-10 17:22:18,239 - INFO - Processing page 267/380
2024-11-10 17:22:20,342 - INFO - Processing page 268/380
2024-11-10 17:22:22,442 - INFO - Processing page 269/380
2024-11-10 17:22:24,540 - INFO - Processing page 270/380
2024-11-10 17:22:26,647 - INFO - Processing page 271/380
2024-11-10 17:22:28,772 - INFO - Processing page 272/380
2024-11-10 17:22:30,932 - INFO - Processing page 273/380
2024-11-10 17:22:33,023 - INFO - Processing page 274/380
2024-11-10 17:22:35,119 - INFO - Processing page 275/380
2024-11-10 17:22:37,226 - INFO - Processing page 276/380
2024-11-10 17:22:39,329 - INFO - Processing page 277/380
2024-11-10 17:22:41,431 - INFO - Processing page 278/380
2024-11-10 17:22:43,542 - INFO - Processing page 279/380
2024-11-10 17:22:45,661 - INFO - Processing page 280/380
2024-11-10 17:22:47,801 - INFO - Processing page 281/380
2024-11-10 17:22:49,899 - INFO - Processing page 282/380
2024-11-10 17:22:52,029 - INFO - Processing page 283/380
2024-11-10 17:22:54,240 - INFO - Processing page 284/380
2024-11-10 17:22:56,340 - INFO - Processing page 285/380
2024-11-10 17:22:58,444 - INFO - Processing page 286/380
2024-11-10 17:23:00,556 - INFO - Processing page 287/380
2024-11-10 17:23:02,750 - INFO - Processing page 288/380
2024-11-10 17:23:05,094 - INFO - Processing page 289/380
2024-11-10 17:23:07,194 - INFO - Processing page 290/380
2024-11-10 17:23:09,285 - INFO - Processing page 291/380
2024-11-10 17:23:11,399 - INFO - Processing page 292/380
2024-11-10 17:23:13,514 - INFO - Processing page 293/380
2024-11-10 17:23:13,520 - ERROR - Failed to extract images from https://gelbooru.com/index.php?page=post&s=list&tags=rebecca_%28one_piece%29+&pid=14016: HTTPSConnectionPool(host='gelbooru.com', port=443): Max retries exceeded with url: /index.php?page=post&s=list&tags=rebecca_%28one_piece%29+&pid=14016 (Caused by NewConnectionError('<urllib3.connection.HTTPSConnection object at 0x104855790>: Failed to establish a new connection: [Errno 65] No route to host'))
2024-11-10 17:23:15,524 - INFO - Processing page 294/380
2024-11-10 17:23:15,546 - ERROR - Failed to extract images from https://gelbooru.com/index.php?page=post&s=list&tags=rebecca_%28one_piece%29+&pid=14064: HTTPSConnectionPool(host='gelbooru.com', port=443): Max retries exceeded with url: /index.php?page=post&s=list&tags=rebecca_%28one_piece%29+&pid=14064 (Caused by NewConnectionError('<urllib3.connection.HTTPSConnection object at 0x1046e6390>: Failed to establish a new connection: [Errno 65] No route to host'))
2024-11-10 17:23:17,550 - INFO - Processing page 295/380
2024-11-10 17:23:17,554 - ERROR - Failed to extract images from https://gelbooru.com/index.php?page=post&s=list&tags=rebecca_%28one_piece%29+&pid=14112: HTTPSConnectionPool(host='gelbooru.com', port=443): Max retries exceeded with url: /index.php?page=post&s=list&tags=rebecca_%28one_piece%29+&pid=14112 (Caused by NewConnectionError('<urllib3.connection.HTTPSConnection object at 0x104731b20>: Failed to establish a new connection: [Errno 65] No route to host'))
2024-11-10 17:23:19,557 - INFO - Processing page 296/380
2024-11-10 17:23:21,742 - INFO - Processing page 297/380
2024-11-10 17:23:23,861 - INFO - Processing page 298/380
2024-11-10 17:23:25,964 - INFO - Processing page 299/380
2024-11-10 17:23:28,094 - INFO - Processing page 300/380
2024-11-10 17:23:30,191 - INFO - Processing page 301/380
2024-11-10 17:23:32,317 - INFO - Processing page 302/380
2024-11-10 17:23:34,417 - INFO - Processing page 303/380
2024-11-10 17:23:36,524 - INFO - Processing page 304/380
2024-11-10 17:23:38,641 - INFO - Processing page 305/380
2024-11-10 17:23:40,777 - INFO - Processing page 306/380
2024-11-10 17:23:42,898 - INFO - Processing page 307/380
2024-11-10 17:23:45,082 - INFO - Processing page 308/380
2024-11-10 17:23:47,184 - INFO - Processing page 309/380
2024-11-10 17:23:49,308 - INFO - Processing page 310/380
2024-11-10 17:23:51,451 - INFO - Processing page 311/380
2024-11-10 17:23:53,559 - INFO - Processing page 312/380
2024-11-10 17:23:55,661 - INFO - Processing page 313/380
2024-11-10 17:23:57,762 - INFO - Processing page 314/380
2024-11-10 17:23:59,860 - INFO - Processing page 315/380
2024-11-10 17:24:02,126 - INFO - Processing page 316/380
2024-11-10 17:24:04,302 - INFO - Processing page 317/380
2024-11-10 17:24:06,398 - INFO - Processing page 318/380
2024-11-10 17:24:08,502 - INFO - Processing page 319/380
2024-11-10 17:24:10,632 - INFO - Processing page 320/380
2024-11-10 17:24:12,753 - INFO - Processing page 321/380
2024-11-10 17:24:14,855 - INFO - Processing page 322/380
2024-11-10 17:24:17,162 - INFO - Processing page 323/380
2024-11-10 17:24:19,305 - INFO - Processing page 324/380
2024-11-10 17:24:21,600 - INFO - Processing page 325/380
2024-11-10 17:24:23,882 - INFO - Processing page 326/380
2024-11-10 17:24:26,139 - INFO - Processing page 327/380
2024-11-10 17:24:28,257 - INFO - Processing page 328/380
2024-11-10 17:24:30,361 - INFO - Processing page 329/380
2024-11-10 17:24:32,478 - INFO - Processing page 330/380
2024-11-10 17:24:34,584 - INFO - Processing page 331/380
2024-11-10 17:24:36,691 - INFO - Processing page 332/380
2024-11-10 17:24:38,780 - INFO - Processing page 333/380
2024-11-10 17:24:40,896 - INFO - Processing page 334/380
2024-11-10 17:24:43,009 - INFO - Processing page 335/380
2024-11-10 17:24:45,132 - INFO - Processing page 336/380
2024-11-10 17:24:47,272 - INFO - Processing page 337/380
2024-11-10 17:24:49,422 - INFO - Processing page 338/380
2024-11-10 17:24:51,518 - INFO - Processing page 339/380
2024-11-10 17:24:53,633 - INFO - Processing page 340/380
2024-11-10 17:24:55,740 - INFO - Processing page 341/380
2024-11-10 17:24:57,840 - INFO - Processing page 342/380
2024-11-10 17:24:59,937 - INFO - Processing page 343/380
2024-11-10 17:25:02,039 - INFO - Processing page 344/380
2024-11-10 17:25:04,141 - INFO - Processing page 345/380
2024-11-10 17:25:06,279 - INFO - Processing page 346/380
2024-11-10 17:25:08,377 - INFO - Processing page 347/380
2024-11-10 17:25:10,482 - INFO - Processing page 348/380
2024-11-10 17:25:12,620 - INFO - Processing page 349/380
2024-11-10 17:25:14,739 - INFO - Processing page 350/380
2024-11-10 17:25:16,848 - INFO - Processing page 351/380
2024-11-10 17:25:18,973 - INFO - Processing page 352/380
2024-11-10 17:25:21,137 - INFO - Processing page 353/380
2024-11-10 17:25:23,240 - INFO - Processing page 354/380
2024-11-10 17:25:25,342 - INFO - Processing page 355/380
2024-11-10 17:25:27,457 - INFO - Processing page 356/380
2024-11-10 17:25:29,596 - INFO - Processing page 357/380
2024-11-10 17:25:31,701 - INFO - Processing page 358/380
2024-11-10 17:25:33,797 - INFO - Processing page 359/380
2024-11-10 17:25:35,910 - INFO - Processing page 360/380
2024-11-10 17:25:38,010 - INFO - Processing page 361/380
2024-11-10 17:25:40,112 - INFO - Processing page 362/380
2024-11-10 17:25:42,232 - INFO - Processing page 363/380
2024-11-10 17:25:44,330 - INFO - Processing page 364/380
2024-11-10 17:25:46,434 - INFO - Processing page 365/380
2024-11-10 17:25:48,526 - INFO - Processing page 366/380
2024-11-10 17:25:50,618 - INFO - Processing page 367/380
2024-11-10 17:25:52,748 - INFO - Processing page 368/380
2024-11-10 17:25:54,837 - INFO - Processing page 369/380
2024-11-10 17:25:56,955 - INFO - Processing page 370/380
2024-11-10 17:25:59,047 - INFO - Processing page 371/380
2024-11-10 17:26:01,162 - INFO - Processing page 372/380
2024-11-10 17:26:03,276 - INFO - Processing page 373/380
2024-11-10 17:26:05,398 - INFO - Processing page 374/380
2024-11-10 17:26:07,537 - INFO - Processing page 375/380
2024-11-10 17:26:09,655 - INFO - Processing page 376/380
2024-11-10 17:26:11,756 - INFO - Processing page 377/380
2024-11-10 17:26:13,893 - INFO - Processing page 378/380
2024-11-10 17:26:16,039 - INFO - Processing page 379/380
2024-11-10 17:26:18,457 - INFO - Processing page 380/380
2024-11-10 17:26:20,592 - INFO - Starting downloads for category: carrot
2024-11-10 17:26:20,592 - INFO - Processing page 1/380
2024-11-10 17:26:22,778 - INFO - Processing page 2/380
2024-11-10 17:26:24,935 - INFO - Processing page 3/380
2024-11-10 17:26:27,086 - INFO - Processing page 4/380
2024-11-10 17:26:29,257 - INFO - Processing page 5/380
2024-11-10 17:26:31,421 - INFO - Processing page 6/380
2024-11-10 17:26:33,614 - INFO - Processing page 7/380
2024-11-10 17:26:35,758 - INFO - Processing page 8/380
2024-11-10 17:26:37,920 - INFO - Processing page 9/380
2024-11-10 17:26:40,057 - INFO - Processing page 10/380
2024-11-10 17:26:42,213 - INFO - Processing page 11/380
2024-11-10 17:26:44,382 - INFO - Processing page 12/380
2024-11-10 17:26:46,513 - INFO - Processing page 13/380
2024-11-10 17:26:48,888 - INFO - Processing page 14/380
2024-11-10 17:26:51,063 - INFO - Processing page 15/380
2024-11-10 17:26:53,222 - INFO - Processing page 16/380
2024-11-10 17:26:55,399 - INFO - Processing page 17/380
2024-11-10 17:26:57,529 - INFO - Processing page 18/380
2024-11-10 17:26:59,663 - INFO - Processing page 19/380
2024-11-10 17:27:01,818 - INFO - Processing page 20/380
2024-11-10 17:27:03,952 - INFO - Processing page 21/380
2024-11-10 17:27:06,188 - INFO - Processing page 22/380
2024-11-10 17:27:08,337 - INFO - Processing page 23/380
2024-11-10 17:27:10,519 - INFO - Processing page 24/380
2024-11-10 17:27:12,657 - INFO - Processing page 25/380
2024-11-10 17:27:14,805 - INFO - Processing page 26/380
2024-11-10 17:27:16,963 - INFO - Processing page 27/380
2024-11-10 17:27:19,107 - INFO - Processing page 28/380
2024-11-10 17:27:21,251 - INFO - Processing page 29/380
2024-11-10 17:27:23,413 - INFO - Processing page 30/380
2024-11-10 17:27:25,553 - INFO - Processing page 31/380
2024-11-10 17:27:27,695 - INFO - Processing page 32/380
2024-11-10 17:27:29,848 - INFO - Processing page 33/380
2024-11-10 17:27:32,028 - INFO - Processing page 34/380
2024-11-10 17:27:34,194 - INFO - Processing page 35/380
2024-11-10 17:27:36,373 - INFO - Processing page 36/380
2024-11-10 17:27:38,525 - INFO - Processing page 37/380
2024-11-10 17:27:40,666 - INFO - Processing page 38/380
2024-11-10 17:27:42,800 - INFO - Processing page 39/380
2024-11-10 17:27:44,901 - INFO - Processing page 40/380
2024-11-10 17:27:47,019 - INFO - Processing page 41/380
2024-11-10 17:27:49,147 - INFO - Processing page 42/380
2024-11-10 17:27:51,371 - INFO - Processing page 43/380
2024-11-10 17:27:53,473 - INFO - Processing page 44/380
2024-11-10 17:27:55,600 - INFO - Processing page 45/380
2024-11-10 17:27:57,709 - INFO - Processing page 46/380
2024-11-10 17:27:59,823 - INFO - Processing page 47/380
2024-11-10 17:28:01,963 - INFO - Processing page 48/380
2024-11-10 17:28:04,096 - INFO - Processing page 49/380
2024-11-10 17:28:06,212 - INFO - Processing page 50/380
2024-11-10 17:28:09,041 - INFO - Processing page 51/380
2024-11-10 17:28:11,162 - INFO - Processing page 52/380
2024-11-10 17:28:13,304 - INFO - Processing page 53/380
2024-11-10 17:28:15,436 - INFO - Processing page 54/380
2024-11-10 17:28:17,700 - INFO - Processing page 55/380
2024-11-10 17:28:19,928 - INFO - Processing page 56/380
2024-11-10 17:28:22,067 - INFO - Processing page 57/380
2024-11-10 17:28:24,198 - INFO - Processing page 58/380
2024-11-10 17:28:26,353 - INFO - Processing page 59/380
2024-11-10 17:28:28,495 - INFO - Processing page 60/380
2024-11-10 17:28:30,618 - INFO - Processing page 61/380
2024-11-10 17:28:32,730 - INFO - Processing page 62/380
2024-11-10 17:28:34,847 - INFO - Processing page 63/380
2024-11-10 17:28:36,975 - INFO - Processing page 64/380
2024-11-10 17:28:39,098 - INFO - Processing page 65/380
2024-11-10 17:28:41,293 - INFO - Processing page 66/380
2024-11-10 17:28:43,486 - INFO - Processing page 67/380
2024-11-10 17:28:45,604 - INFO - Processing page 68/380
2024-11-10 17:28:47,714 - INFO - Processing page 69/380
2024-11-10 17:28:49,828 - INFO - Processing page 70/380
2024-11-10 17:28:51,953 - INFO - Processing page 71/380
2024-11-10 17:28:54,070 - INFO - Processing page 72/380
2024-11-10 17:28:56,191 - INFO - Processing page 73/380
2024-11-10 17:28:58,327 - INFO - Processing page 74/380
2024-11-10 17:29:00,433 - INFO - Processing page 75/380
2024-11-10 17:29:02,597 - INFO - Processing page 76/380
2024-11-10 17:29:04,714 - INFO - Processing page 77/380
2024-11-10 17:29:06,835 - INFO - Processing page 78/380
2024-11-10 17:29:09,081 - INFO - Processing page 79/380
2024-11-10 17:29:11,254 - INFO - Processing page 80/380
2024-11-10 17:29:13,385 - INFO - Processing page 81/380
2024-11-10 17:29:15,527 - INFO - Processing page 82/380
2024-11-10 17:29:17,668 - INFO - Processing page 83/380
2024-11-10 17:29:19,775 - INFO - Processing page 84/380
2024-11-10 17:29:21,872 - INFO - Processing page 85/380
2024-11-10 17:29:23,983 - INFO - Processing page 86/380
2024-11-10 17:29:26,097 - INFO - Processing page 87/380
2024-11-10 17:29:28,205 - INFO - Processing page 88/380
2024-11-10 17:29:30,319 - INFO - Processing page 89/380
2024-11-10 17:29:32,430 - INFO - Processing page 90/380
2024-11-10 17:29:34,551 - INFO - Processing page 91/380
2024-11-10 17:29:36,680 - INFO - Processing page 92/380
2024-11-10 17:29:38,785 - INFO - Processing page 93/380
2024-11-10 17:29:40,887 - INFO - Processing page 94/380
2024-11-10 17:29:43,005 - INFO - Processing page 95/380
2024-11-10 17:29:45,115 - INFO - Processing page 96/380
2024-11-10 17:29:47,219 - INFO - Processing page 97/380
2024-11-10 17:29:49,324 - INFO - Processing page 98/380
2024-11-10 17:29:51,433 - INFO - Processing page 99/380
2024-11-10 17:29:53,537 - INFO - Processing page 100/380
2024-11-10 17:29:55,656 - INFO - Processing page 101/380
2024-11-10 17:29:57,841 - INFO - Processing page 102/380
2024-11-10 17:30:00,028 - INFO - Processing page 103/380
2024-11-10 17:30:02,176 - INFO - Processing page 104/380
2024-11-10 17:30:04,290 - INFO - Processing page 105/380
2024-11-10 17:30:06,554 - INFO - Processing page 106/380
2024-11-10 17:30:08,667 - INFO - Processing page 107/380
2024-11-10 17:30:10,773 - INFO - Processing page 108/380
2024-11-10 17:30:12,898 - INFO - Processing page 109/380
2024-11-10 17:30:15,200 - INFO - Processing page 110/380
2024-11-10 17:30:17,307 - INFO - Processing page 111/380
2024-11-10 17:30:19,423 - INFO - Processing page 112/380
2024-11-10 17:30:21,527 - INFO - Processing page 113/380
2024-11-10 17:30:23,634 - INFO - Processing page 114/380
2024-11-10 17:30:25,740 - INFO - Processing page 115/380
2024-11-10 17:30:27,878 - INFO - Processing page 116/380
2024-11-10 17:30:30,003 - INFO - Processing page 117/380
2024-11-10 17:30:32,161 - INFO - Processing page 118/380
2024-11-10 17:30:34,261 - INFO - Processing page 119/380
2024-11-10 17:30:36,371 - INFO - Processing page 120/380
2024-11-10 17:30:38,484 - INFO - Processing page 121/380
2024-11-10 17:30:40,614 - INFO - Processing page 122/380
2024-11-10 17:30:42,722 - INFO - Processing page 123/380
2024-11-10 17:30:44,834 - INFO - Processing page 124/380
2024-11-10 17:30:46,959 - INFO - Processing page 125/380
2024-11-10 17:30:49,070 - INFO - Processing page 126/380
2024-11-10 17:30:51,200 - INFO - Processing page 127/380
2024-11-10 17:30:53,308 - INFO - Processing page 128/380
2024-11-10 17:30:55,426 - INFO - Processing page 129/380
2024-11-10 17:30:57,572 - INFO - Processing page 130/380
2024-11-10 17:30:59,688 - INFO - Processing page 131/380
2024-11-10 17:31:01,827 - INFO - Processing page 132/380
2024-11-10 17:31:03,956 - INFO - Processing page 133/380
2024-11-10 17:31:06,058 - INFO - Processing page 134/380
2024-11-10 17:31:08,240 - INFO - Processing page 135/380
2024-11-10 17:31:10,374 - INFO - Processing page 136/380
2024-11-10 17:31:12,498 - INFO - Processing page 137/380
2024-11-10 17:31:14,601 - INFO - Processing page 138/380
2024-11-10 17:31:16,727 - INFO - Processing page 139/380
2024-11-10 17:31:18,844 - INFO - Processing page 140/380
2024-11-10 17:31:20,943 - INFO - Processing page 141/380
2024-11-10 17:31:23,097 - INFO - Processing page 142/380
2024-11-10 17:31:25,231 - INFO - Processing page 143/380
2024-11-10 17:31:27,426 - INFO - Processing page 144/380
2024-11-10 17:31:29,534 - INFO - Processing page 145/380
2024-11-10 17:31:31,650 - INFO - Processing page 146/380
2024-11-10 17:31:33,782 - INFO - Processing page 147/380
2024-11-10 17:31:35,905 - INFO - Processing page 148/380
2024-11-10 17:31:38,061 - INFO - Processing page 149/380
2024-11-10 17:31:40,169 - INFO - Processing page 150/380
2024-11-10 17:31:42,308 - INFO - Processing page 151/380
2024-11-10 17:31:44,431 - INFO - Processing page 152/380
2024-11-10 17:31:46,601 - INFO - Processing page 153/380
2024-11-10 17:31:48,718 - INFO - Processing page 154/380
2024-11-10 17:31:50,824 - INFO - Processing page 155/380
2024-11-10 17:31:52,944 - INFO - Processing page 156/380
2024-11-10 17:31:55,052 - INFO - Processing page 157/380
2024-11-10 17:31:57,206 - INFO - Processing page 158/380
2024-11-10 17:31:59,330 - INFO - Processing page 159/380
2024-11-10 17:32:01,445 - INFO - Processing page 160/380
2024-11-10 17:32:03,569 - INFO - Processing page 161/380
2024-11-10 17:32:05,678 - INFO - Processing page 162/380
2024-11-10 17:32:07,796 - INFO - Processing page 163/380
2024-11-10 17:32:09,951 - INFO - Processing page 164/380
2024-11-10 17:32:12,076 - INFO - Processing page 165/380
2024-11-10 17:32:14,192 - INFO - Processing page 166/380
2024-11-10 17:32:16,337 - INFO - Processing page 167/380
2024-11-10 17:32:18,482 - INFO - Processing page 168/380
2024-11-10 17:32:20,593 - INFO - Processing page 169/380
2024-11-10 17:32:22,746 - INFO - Processing page 170/380
2024-11-10 17:32:24,867 - INFO - Processing page 171/380
2024-11-10 17:32:26,975 - INFO - Processing page 172/380
2024-11-10 17:32:29,084 - INFO - Processing page 173/380
2024-11-10 17:32:31,186 - INFO - Processing page 174/380
2024-11-10 17:32:33,305 - INFO - Processing page 175/380
2024-11-10 17:32:35,439 - INFO - Processing page 176/380
2024-11-10 17:32:37,584 - INFO - Processing page 177/380
2024-11-10 17:32:39,692 - INFO - Processing page 178/380
2024-11-10 17:32:41,839 - INFO - Processing page 179/380
2024-11-10 17:32:43,956 - INFO - Processing page 180/380
2024-11-10 17:32:46,074 - INFO - Processing page 181/380
2024-11-10 17:32:48,196 - INFO - Processing page 182/380
2024-11-10 17:32:50,323 - INFO - Processing page 183/380
2024-11-10 17:32:52,463 - INFO - Processing page 184/380
2024-11-10 17:32:54,584 - INFO - Processing page 185/380
2024-11-10 17:32:56,696 - INFO - Processing page 186/380
2024-11-10 17:32:58,806 - INFO - Processing page 187/380
2024-11-10 17:33:00,956 - INFO - Processing page 188/380
2024-11-10 17:33:03,081 - INFO - Processing page 189/380
2024-11-10 17:33:05,202 - INFO - Processing page 190/380
2024-11-10 17:33:07,308 - INFO - Processing page 191/380
2024-11-10 17:33:09,428 - INFO - Processing page 192/380
2024-11-10 17:33:11,542 - INFO - Processing page 193/380
2024-11-10 17:33:13,712 - INFO - Processing page 194/380
2024-11-10 17:33:15,814 - INFO - Processing page 195/380
2024-11-10 17:33:17,963 - INFO - Processing page 196/380
2024-11-10 17:33:20,083 - INFO - Processing page 197/380
2024-11-10 17:33:22,258 - INFO - Processing page 198/380
2024-11-10 17:33:24,373 - INFO - Processing page 199/380
2024-11-10 17:33:26,699 - INFO - Processing page 200/380
2024-11-10 17:33:28,821 - INFO - Processing page 201/380
2024-11-10 17:33:30,932 - INFO - Processing page 202/380
2024-11-10 17:33:33,072 - INFO - Processing page 203/380
2024-11-10 17:33:35,186 - INFO - Processing page 204/380
2024-11-10 17:33:37,316 - INFO - Processing page 205/380
2024-11-10 17:33:39,439 - INFO - Processing page 206/380
2024-11-10 17:33:41,762 - INFO - Processing page 207/380
2024-11-10 17:33:43,875 - INFO - Processing page 208/380
2024-11-10 17:33:45,989 - INFO - Processing page 209/380
2024-11-10 17:33:48,142 - INFO - Processing page 210/380
2024-11-10 17:33:50,263 - INFO - Processing page 211/380
2024-11-10 17:33:52,386 - INFO - Processing page 212/380
2024-11-10 17:33:54,501 - INFO - Processing page 213/380
2024-11-10 17:33:56,611 - INFO - Processing page 214/380
2024-11-10 17:33:58,739 - INFO - Processing page 215/380
2024-11-10 17:34:00,846 - INFO - Processing page 216/380
2024-11-10 17:34:02,973 - INFO - Processing page 217/380
2024-11-10 17:34:05,089 - INFO - Processing page 218/380
2024-11-10 17:34:07,207 - INFO - Processing page 219/380
2024-11-10 17:34:09,346 - INFO - Processing page 220/380
2024-11-10 17:34:11,454 - INFO - Processing page 221/380
2024-11-10 17:34:13,812 - INFO - Processing page 222/380
2024-11-10 17:34:15,929 - INFO - Processing page 223/380
2024-11-10 17:34:18,062 - INFO - Processing page 224/380
2024-11-10 17:34:20,184 - INFO - Processing page 225/380
2024-11-10 17:34:22,307 - INFO - Processing page 226/380
2024-11-10 17:34:24,412 - INFO - Processing page 227/380
2024-11-10 17:34:26,535 - INFO - Processing page 228/380
2024-11-10 17:34:28,646 - INFO - Processing page 229/380
2024-11-10 17:34:30,755 - INFO - Processing page 230/380
2024-11-10 17:34:32,903 - INFO - Processing page 231/380
2024-11-10 17:34:35,022 - INFO - Processing page 232/380
2024-11-10 17:34:37,136 - INFO - Processing page 233/380
2024-11-10 17:34:39,341 - INFO - Processing page 234/380
2024-11-10 17:34:41,458 - INFO - Processing page 235/380
2024-11-10 17:34:43,600 - INFO - Processing page 236/380
2024-11-10 17:34:45,711 - INFO - Processing page 237/380
2024-11-10 17:34:47,835 - INFO - Processing page 238/380
2024-11-10 17:34:49,955 - INFO - Processing page 239/380
2024-11-10 17:34:52,072 - INFO - Processing page 240/380
2024-11-10 17:34:54,181 - INFO - Processing page 241/380
2024-11-10 17:34:56,305 - INFO - Processing page 242/380
2024-11-10 17:34:58,420 - INFO - Processing page 243/380
2024-11-10 17:35:00,545 - INFO - Processing page 244/380
2024-11-10 17:35:02,657 - INFO - Processing page 245/380
2024-11-10 17:35:04,777 - INFO - Processing page 246/380
2024-11-10 17:35:06,910 - INFO - Processing page 247/380
2024-11-10 17:35:09,070 - INFO - Processing page 248/380
2024-11-10 17:35:11,202 - INFO - Processing page 249/380
2024-11-10 17:35:13,431 - INFO - Processing page 250/380
2024-11-10 17:35:15,556 - INFO - Processing page 251/380
2024-11-10 17:35:17,696 - INFO - Processing page 252/380
2024-11-10 17:35:19,813 - INFO - Processing page 253/380
2024-11-10 17:35:21,942 - INFO - Processing page 254/380
2024-11-10 17:35:24,086 - INFO - Processing page 255/380
2024-11-10 17:35:26,206 - INFO - Processing page 256/380
2024-11-10 17:35:28,329 - INFO - Processing page 257/380
2024-11-10 17:35:30,457 - INFO - Processing page 258/380
2024-11-10 17:35:32,567 - INFO - Processing page 259/380
2024-11-10 17:35:34,692 - INFO - Processing page 260/380
2024-11-10 17:35:36,843 - INFO - Processing page 261/380
2024-11-10 17:35:38,964 - INFO - Processing page 262/380
2024-11-10 17:35:41,087 - INFO - Processing page 263/380
2024-11-10 17:35:43,206 - INFO - Processing page 264/380
2024-11-10 17:35:45,347 - INFO - Processing page 265/380
2024-11-10 17:35:47,457 - INFO - Processing page 266/380
2024-11-10 17:35:49,599 - INFO - Processing page 267/380
2024-11-10 17:35:51,724 - INFO - Processing page 268/380
2024-11-10 17:35:53,873 - INFO - Processing page 269/380
2024-11-10 17:35:55,990 - INFO - Processing page 270/380
2024-11-10 17:35:58,141 - INFO - Processing page 271/380
2024-11-10 17:36:00,274 - INFO - Processing page 272/380
2024-11-10 17:36:02,405 - INFO - Processing page 273/380
2024-11-10 17:36:04,525 - INFO - Processing page 274/380
2024-11-10 17:36:06,660 - INFO - Processing page 275/380
2024-11-10 17:36:08,786 - INFO - Processing page 276/380
2024-11-10 17:36:10,907 - INFO - Processing page 277/380
2024-11-10 17:36:13,027 - INFO - Processing page 278/380
2024-11-10 17:36:15,151 - INFO - Processing page 279/380
2024-11-10 17:36:17,278 - INFO - Processing page 280/380
2024-11-10 17:36:19,423 - INFO - Processing page 281/380
2024-11-10 17:36:21,542 - INFO - Processing page 282/380
2024-11-10 17:36:23,710 - INFO - Processing page 283/380
2024-11-10 17:36:25,831 - INFO - Processing page 284/380
2024-11-10 17:36:27,944 - INFO - Processing page 285/380
2024-11-10 17:36:30,055 - INFO - Processing page 286/380
2024-11-10 17:36:32,179 - INFO - Processing page 287/380
2024-11-10 17:36:34,294 - INFO - Processing page 288/380
2024-11-10 17:36:36,407 - INFO - Processing page 289/380
2024-11-10 17:36:38,549 - INFO - Processing page 290/380
2024-11-10 17:36:40,671 - INFO - Processing page 291/380
2024-11-10 17:36:42,798 - INFO - Processing page 292/380
2024-11-10 17:36:44,917 - INFO - Processing page 293/380
2024-11-10 17:36:47,038 - INFO - Processing page 294/380
2024-11-10 17:36:49,160 - INFO - Processing page 295/380
2024-11-10 17:36:51,284 - INFO - Processing page 296/380
2024-11-10 17:36:53,429 - INFO - Processing page 297/380
2024-11-10 17:36:55,548 - INFO - Processing page 298/380
2024-11-10 17:36:57,877 - INFO - Processing page 299/380
2024-11-10 17:36:59,999 - INFO - Processing page 300/380
2024-11-10 17:37:02,120 - INFO - Processing page 301/380
2024-11-10 17:37:04,257 - INFO - Processing page 302/380
2024-11-10 17:37:06,366 - INFO - Processing page 303/380
2024-11-10 17:37:08,503 - INFO - Processing page 304/380
2024-11-10 17:37:10,630 - INFO - Processing page 305/380
2024-11-10 17:37:12,742 - INFO - Processing page 306/380
2024-11-10 17:37:14,864 - INFO - Processing page 307/380
2024-11-10 17:37:17,008 - INFO - Processing page 308/380
2024-11-10 17:37:19,151 - INFO - Processing page 309/380
2024-11-10 17:37:21,265 - INFO - Processing page 310/380
2024-11-10 17:37:23,384 - INFO - Processing page 311/380
2024-11-10 17:37:25,503 - INFO - Processing page 312/380
2024-11-10 17:37:28,071 - INFO - Processing page 313/380
2024-11-10 17:37:30,194 - INFO - Processing page 314/380
2024-11-10 17:37:32,363 - INFO - Processing page 315/380
2024-11-10 17:37:34,501 - INFO - Processing page 316/380
2024-11-10 17:37:36,641 - INFO - Processing page 317/380
2024-11-10 17:37:38,794 - INFO - Processing page 318/380
2024-11-10 17:37:40,918 - INFO - Processing page 319/380
2024-11-10 17:37:43,053 - INFO - Processing page 320/380
2024-11-10 17:37:45,169 - INFO - Processing page 321/380
2024-11-10 17:37:47,285 - INFO - Processing page 322/380
2024-11-10 17:37:49,407 - INFO - Processing page 323/380
2024-11-10 17:37:51,532 - INFO - Processing page 324/380
2024-11-10 17:37:53,668 - INFO - Processing page 325/380
2024-11-10 17:37:55,785 - INFO - Processing page 326/380
2024-11-10 17:37:57,991 - INFO - Processing page 327/380
2024-11-10 17:38:00,117 - INFO - Processing page 328/380
2024-11-10 17:38:02,235 - INFO - Processing page 329/380
2024-11-10 17:38:04,372 - INFO - Processing page 330/380
2024-11-10 17:38:06,478 - INFO - Processing page 331/380
2024-11-10 17:38:08,611 - INFO - Processing page 332/380
2024-11-10 17:38:10,724 - INFO - Processing page 333/380
2024-11-10 17:38:12,840 - INFO - Processing page 334/380
2024-11-10 17:38:14,957 - INFO - Processing page 335/380
2024-11-10 17:38:17,075 - INFO - Processing page 336/380
2024-11-10 17:38:19,244 - INFO - Processing page 337/380
2024-11-10 17:38:21,378 - INFO - Processing page 338/380
2024-11-10 17:38:23,509 - INFO - Processing page 339/380
2024-11-10 17:38:25,627 - INFO - Processing page 340/380
2024-11-10 17:38:27,895 - INFO - Processing page 341/380
2024-11-10 17:38:30,022 - INFO - Processing page 342/380
2024-11-10 17:38:32,159 - INFO - Processing page 343/380
2024-11-10 17:38:34,309 - INFO - Processing page 344/380
2024-11-10 17:38:36,431 - INFO - Processing page 345/380
2024-11-10 17:38:38,537 - INFO - Processing page 346/380
2024-11-10 17:38:40,693 - INFO - Processing page 347/380
2024-11-10 17:38:42,827 - INFO - Processing page 348/380
2024-11-10 17:38:45,003 - INFO - Processing page 349/380
2024-11-10 17:38:47,183 - INFO - Processing page 350/380
2024-11-10 17:38:49,296 - INFO - Processing page 351/380
2024-11-10 17:38:51,417 - INFO - Processing page 352/380
2024-11-10 17:38:53,547 - INFO - Processing page 353/380
2024-11-10 17:38:55,681 - INFO - Processing page 354/380
2024-11-10 17:38:57,955 - INFO - Processing page 355/380
2024-11-10 17:39:00,091 - INFO - Processing page 356/380
2024-11-10 17:39:02,489 - INFO - Processing page 357/380
2024-11-10 17:39:04,629 - INFO - Processing page 358/380
2024-11-10 17:39:06,759 - INFO - Processing page 359/380
2024-11-10 17:39:08,889 - INFO - Processing page 360/380
2024-11-10 17:39:11,023 - INFO - Processing page 361/380
2024-11-10 17:39:13,140 - INFO - Processing page 362/380
2024-11-10 17:39:15,273 - INFO - Processing page 363/380
2024-11-10 17:39:17,390 - INFO - Processing page 364/380
2024-11-10 17:39:19,520 - INFO - Processing page 365/380
2024-11-10 17:39:21,630 - INFO - Processing page 366/380
2024-11-10 17:39:23,777 - INFO - Processing page 367/380
2024-11-10 17:39:25,884 - INFO - Processing page 368/380
2024-11-10 17:39:27,998 - INFO - Processing page 369/380
2024-11-10 17:39:30,121 - INFO - Processing page 370/380
2024-11-10 17:39:32,326 - INFO - Processing page 371/380
2024-11-10 17:39:34,475 - INFO - Processing page 372/380
2024-11-10 17:39:36,592 - INFO - Processing page 373/380
2024-11-10 17:39:38,707 - INFO - Processing page 374/380
2024-11-10 17:39:40,814 - INFO - Processing page 375/380
2024-11-10 17:39:42,937 - INFO - Processing page 376/380
2024-11-10 17:39:45,059 - INFO - Processing page 377/380
2024-11-10 17:39:47,186 - INFO - Processing page 378/380
2024-11-10 17:39:49,307 - INFO - Processing page 379/380
2024-11-10 17:39:51,423 - INFO - Processing page 380/380
2024-11-10 17:39:53,545 - INFO - Starting downloads for category: bonney
2024-11-10 17:39:53,545 - INFO - Processing page 1/380
2024-11-10 17:39:55,718 - INFO - Processing page 2/380
2024-11-10 17:39:57,913 - INFO - Processing page 3/380
2024-11-10 17:40:00,100 - INFO - Processing page 4/380
2024-11-10 17:40:02,258 - INFO - Processing page 5/380
2024-11-10 17:40:04,408 - INFO - Processing page 6/380
2024-11-10 17:40:06,577 - INFO - Processing page 7/380
2024-11-10 17:40:08,737 - INFO - Processing page 8/380
2024-11-10 17:40:10,915 - INFO - Processing page 9/380
2024-11-10 17:40:13,066 - INFO - Processing page 10/380
2024-11-10 17:40:15,203 - INFO - Processing page 11/380
2024-11-10 17:40:17,347 - INFO - Processing page 12/380
2024-11-10 17:40:19,516 - INFO - Processing page 13/380
2024-11-10 17:40:21,676 - INFO - Processing page 14/380
2024-11-10 17:40:23,829 - INFO - Processing page 15/380
2024-11-10 17:40:25,963 - INFO - Processing page 16/380
2024-11-10 17:40:28,076 - INFO - Processing page 17/380
2024-11-10 17:40:30,193 - INFO - Processing page 18/380
2024-11-10 17:40:32,321 - INFO - Processing page 19/380
2024-11-10 17:40:34,438 - INFO - Processing page 20/380
2024-11-10 17:40:36,544 - INFO - Processing page 21/380
2024-11-10 17:40:38,653 - INFO - Processing page 22/380
2024-11-10 17:40:40,757 - INFO - Processing page 23/380
2024-11-10 17:40:42,861 - INFO - Processing page 24/380
2024-11-10 17:40:44,974 - INFO - Processing page 25/380
2024-11-10 17:40:47,093 - INFO - Processing page 26/380
2024-11-10 17:40:49,195 - INFO - Processing page 27/380
2024-11-10 17:40:51,337 - INFO - Processing page 28/380
2024-11-10 17:40:53,465 - INFO - Processing page 29/380
2024-11-10 17:40:55,580 - INFO - Processing page 30/380
2024-11-10 17:40:57,958 - INFO - Processing page 31/380
2024-11-10 17:41:00,105 - INFO - Processing page 32/380
2024-11-10 17:41:02,229 - INFO - Processing page 33/380
2024-11-10 17:41:04,334 - INFO - Processing page 34/380
2024-11-10 17:41:06,447 - INFO - Processing page 35/380
2024-11-10 17:41:08,571 - INFO - Processing page 36/380
2024-11-10 17:41:10,688 - INFO - Processing page 37/380
2024-11-10 17:41:12,814 - INFO - Processing page 38/380
2024-11-10 17:41:14,958 - INFO - Processing page 39/380
2024-11-10 17:41:17,069 - INFO - Processing page 40/380
2024-11-10 17:41:19,200 - INFO - Processing page 41/380
2024-11-10 17:41:21,312 - INFO - Processing page 42/380
2024-11-10 17:41:23,418 - INFO - Processing page 43/380
2024-11-10 17:41:25,540 - INFO - Processing page 44/380
2024-11-10 17:41:27,971 - INFO - Processing page 45/380
2024-11-10 17:41:30,077 - INFO - Processing page 46/380
2024-11-10 17:41:32,189 - INFO - Processing page 47/380
2024-11-10 17:41:34,296 - INFO - Processing page 48/380
2024-11-10 17:41:36,467 - INFO - Processing page 49/380
2024-11-10 17:41:38,561 - INFO - Processing page 50/380
2024-11-10 17:41:40,689 - INFO - Processing page 51/380
2024-11-10 17:41:42,821 - INFO - Processing page 52/380
2024-11-10 17:41:44,947 - INFO - Processing page 53/380
2024-11-10 17:41:47,056 - INFO - Processing page 54/380
2024-11-10 17:41:49,162 - INFO - Processing page 55/380
2024-11-10 17:41:51,276 - INFO - Processing page 56/380
2024-11-10 17:41:53,383 - INFO - Processing page 57/380
2024-11-10 17:41:55,526 - INFO - Processing page 58/380
2024-11-10 17:41:57,906 - INFO - Processing page 59/380
2024-11-10 17:42:00,034 - INFO - Processing page 60/380
2024-11-10 17:42:02,151 - INFO - Processing page 61/380
2024-11-10 17:42:04,268 - INFO - Processing page 62/380
2024-11-10 17:42:06,374 - INFO - Processing page 63/380
2024-11-10 17:42:08,492 - INFO - Processing page 64/380
2024-11-10 17:42:10,626 - INFO - Processing page 65/380
2024-11-10 17:42:12,740 - INFO - Processing page 66/380
2024-11-10 17:42:14,877 - INFO - Processing page 67/380
2024-11-10 17:42:17,024 - INFO - Processing page 68/380
2024-11-10 17:42:19,141 - INFO - Processing page 69/380
2024-11-10 17:42:21,287 - INFO - Processing page 70/380
2024-11-10 17:42:23,444 - INFO - Processing page 71/380
2024-11-10 17:42:25,589 - INFO - Processing page 72/380
2024-11-10 17:42:27,815 - INFO - Processing page 73/380
2024-11-10 17:42:29,934 - INFO - Processing page 74/380
2024-11-10 17:42:32,298 - INFO - Processing page 75/380
2024-11-10 17:42:34,403 - INFO - Processing page 76/380
2024-11-10 17:42:36,512 - INFO - Processing page 77/380
2024-11-10 17:42:38,614 - INFO - Processing page 78/380
2024-11-10 17:42:40,733 - INFO - Processing page 79/380
2024-11-10 17:42:42,848 - INFO - Processing page 80/380
2024-11-10 17:42:44,957 - INFO - Processing page 81/380
2024-11-10 17:42:47,118 - INFO - Processing page 82/380
2024-11-10 17:42:49,244 - INFO - Processing page 83/380
2024-11-10 17:42:51,361 - INFO - Processing page 84/380
2024-11-10 17:42:53,473 - INFO - Processing page 85/380
2024-11-10 17:42:55,573 - INFO - Processing page 86/380
2024-11-10 17:42:57,861 - INFO - Processing page 87/380
2024-11-10 17:42:59,971 - INFO - Processing page 88/380
2024-11-10 17:43:02,087 - INFO - Processing page 89/380
2024-11-10 17:43:04,194 - INFO - Processing page 90/380
2024-11-10 17:43:06,319 - INFO - Processing page 91/380
2024-11-10 17:43:08,463 - INFO - Processing page 92/380
2024-11-10 17:43:10,602 - INFO - Processing page 93/380
2024-11-10 17:43:12,706 - INFO - Processing page 94/380
2024-11-10 17:43:14,839 - INFO - Processing page 95/380
2024-11-10 17:43:16,978 - INFO - Processing page 96/380
2024-11-10 17:43:19,087 - INFO - Processing page 97/380
2024-11-10 17:43:21,224 - INFO - Processing page 98/380
2024-11-10 17:43:23,338 - INFO - Processing page 99/380
2024-11-10 17:43:25,478 - INFO - Processing page 100/380
2024-11-10 17:43:27,603 - INFO - Processing page 101/380
2024-11-10 17:43:29,755 - INFO - Processing page 102/380
2024-11-10 17:43:31,874 - INFO - Processing page 103/380
2024-11-10 17:43:33,980 - INFO - Processing page 104/380
2024-11-10 17:43:36,109 - INFO - Processing page 105/380
2024-11-10 17:43:38,212 - INFO - Processing page 106/380
2024-11-10 17:43:40,315 - INFO - Processing page 107/380
2024-11-10 17:43:42,412 - INFO - Processing page 108/380
2024-11-10 17:43:44,519 - INFO - Processing page 109/380
2024-11-10 17:43:46,639 - INFO - Processing page 110/380
2024-11-10 17:43:49,028 - INFO - Processing page 111/380
2024-11-10 17:43:51,143 - INFO - Processing page 112/380
2024-11-10 17:43:53,250 - INFO - Processing page 113/380
2024-11-10 17:43:55,397 - INFO - Processing page 114/380
2024-11-10 17:43:57,508 - INFO - Processing page 115/380
2024-11-10 17:43:59,638 - INFO - Processing page 116/380
2024-11-10 17:44:01,767 - INFO - Processing page 117/380
2024-11-10 17:44:03,881 - INFO - Processing page 118/380
2024-11-10 17:44:06,005 - INFO - Processing page 119/380
2024-11-10 17:44:08,122 - INFO - Processing page 120/380
2024-11-10 17:44:10,232 - INFO - Processing page 121/380
2024-11-10 17:44:12,354 - INFO - Processing page 122/380
2024-11-10 17:44:14,532 - INFO - Processing page 123/380
2024-11-10 17:44:16,656 - INFO - Processing page 124/380
2024-11-10 17:44:18,924 - INFO - Processing page 125/380
2024-11-10 17:44:21,035 - INFO - Processing page 126/380
2024-11-10 17:44:23,169 - INFO - Processing page 127/380
2024-11-10 17:44:25,281 - INFO - Processing page 128/380
2024-11-10 17:44:27,426 - INFO - Processing page 129/380
2024-11-10 17:44:29,541 - INFO - Processing page 130/380
2024-11-10 17:44:31,664 - INFO - Processing page 131/380
2024-11-10 17:44:33,772 - INFO - Processing page 132/380
2024-11-10 17:44:35,943 - INFO - Processing page 133/380
2024-11-10 17:44:38,044 - INFO - Processing page 134/380
2024-11-10 17:44:40,167 - INFO - Processing page 135/380
2024-11-10 17:44:42,300 - INFO - Processing page 136/380
2024-11-10 17:44:44,409 - INFO - Processing page 137/380
2024-11-10 17:44:46,535 - INFO - Processing page 138/380
2024-11-10 17:44:48,649 - INFO - Processing page 139/380
2024-11-10 17:44:50,791 - INFO - Processing page 140/380
2024-11-10 17:44:52,902 - INFO - Processing page 141/380
2024-11-10 17:44:55,024 - INFO - Processing page 142/380
2024-11-10 17:44:57,128 - INFO - Processing page 143/380
2024-11-10 17:44:59,233 - INFO - Processing page 144/380
2024-11-10 17:45:01,351 - INFO - Processing page 145/380
2024-11-10 17:45:03,729 - INFO - Processing page 146/380
2024-11-10 17:45:05,873 - INFO - Processing page 147/380
2024-11-10 17:45:09,651 - INFO - Processing page 148/380
2024-11-10 17:45:11,856 - INFO - Processing page 149/380
2024-11-10 17:45:13,961 - INFO - Processing page 150/380
2024-11-10 17:45:16,068 - INFO - Processing page 151/380
2024-11-10 17:45:18,197 - INFO - Processing page 152/380
2024-11-10 17:45:20,303 - INFO - Processing page 153/380
2024-11-10 17:45:22,404 - INFO - Processing page 154/380
2024-11-10 17:45:24,520 - INFO - Processing page 155/380
2024-11-10 17:45:26,644 - INFO - Processing page 156/380
2024-11-10 17:45:28,751 - INFO - Processing page 157/380
2024-11-10 17:45:30,884 - INFO - Processing page 158/380
2024-11-10 17:45:32,991 - INFO - Processing page 159/380
2024-11-10 17:45:35,291 - INFO - Processing page 160/380
2024-11-10 17:45:37,395 - INFO - Processing page 161/380
2024-11-10 17:45:39,519 - INFO - Processing page 162/380
2024-11-10 17:45:41,678 - INFO - Processing page 163/380
2024-11-10 17:45:43,858 - INFO - Processing page 164/380
2024-11-10 17:45:46,001 - INFO - Processing page 165/380
2024-11-10 17:45:48,092 - INFO - Processing page 166/380
2024-11-10 17:45:50,205 - INFO - Processing page 167/380
2024-11-10 17:45:52,331 - INFO - Processing page 168/380
2024-11-10 17:45:54,546 - INFO - Processing page 169/380
2024-11-10 17:45:56,692 - INFO - Processing page 170/380
2024-11-10 17:45:58,988 - INFO - Processing page 171/380
2024-11-10 17:46:01,115 - INFO - Processing page 172/380
2024-11-10 17:46:03,228 - INFO - Processing page 173/380
2024-11-10 17:46:05,352 - INFO - Processing page 174/380
2024-11-10 17:46:07,457 - INFO - Processing page 175/380
2024-11-10 17:46:09,577 - INFO - Processing page 176/380
2024-11-10 17:46:11,707 - INFO - Processing page 177/380
2024-11-10 17:46:13,815 - INFO - Processing page 178/380
2024-11-10 17:46:15,919 - INFO - Processing page 179/380
2024-11-10 17:46:18,024 - INFO - Processing page 180/380
2024-11-10 17:46:20,139 - INFO - Processing page 181/380
2024-11-10 17:46:22,245 - INFO - Processing page 182/380
2024-11-10 17:46:24,340 - INFO - Processing page 183/380
2024-11-10 17:46:26,455 - INFO - Processing page 184/380
2024-11-10 17:46:28,559 - INFO - Processing page 185/380
2024-11-10 17:46:30,678 - INFO - Processing page 186/380
2024-11-10 17:46:32,788 - INFO - Processing page 187/380
2024-11-10 17:46:34,894 - INFO - Processing page 188/380
2024-11-10 17:46:36,993 - INFO - Processing page 189/380
2024-11-10 17:46:39,102 - INFO - Processing page 190/380
2024-11-10 17:46:41,252 - INFO - Processing page 191/380
2024-11-10 17:46:43,354 - INFO - Processing page 192/380
2024-11-10 17:46:45,476 - INFO - Processing page 193/380
2024-11-10 17:46:47,608 - INFO - Processing page 194/380
2024-11-10 17:46:49,736 - INFO - Processing page 195/380
2024-11-10 17:46:51,865 - INFO - Processing page 196/380
2024-11-10 17:46:53,974 - INFO - Processing page 197/380
2024-11-10 17:46:56,079 - INFO - Processing page 198/380
2024-11-10 17:46:58,192 - INFO - Processing page 199/380
2024-11-10 17:47:00,588 - INFO - Processing page 200/380
2024-11-10 17:47:02,706 - INFO - Processing page 201/380
2024-11-10 17:47:04,810 - INFO - Processing page 202/380
2024-11-10 17:47:06,931 - INFO - Processing page 203/380
2024-11-10 17:47:09,037 - INFO - Processing page 204/380
2024-11-10 17:47:11,156 - INFO - Processing page 205/380
2024-11-10 17:47:13,261 - INFO - Processing page 206/380
2024-11-10 17:47:15,481 - INFO - Processing page 207/380
2024-11-10 17:47:17,608 - INFO - Processing page 208/380
2024-11-10 17:47:19,711 - INFO - Processing page 209/380
2024-11-10 17:47:21,887 - INFO - Processing page 210/380
2024-11-10 17:47:23,986 - INFO - Processing page 211/380
2024-11-10 17:47:26,125 - INFO - Processing page 212/380
2024-11-10 17:47:28,247 - INFO - Processing page 213/380
2024-11-10 17:47:30,355 - INFO - Processing page 214/380
2024-11-10 17:47:32,478 - INFO - Processing page 215/380
2024-11-10 17:47:34,584 - INFO - Processing page 216/380
2024-11-10 17:47:36,705 - INFO - Processing page 217/380
2024-11-10 17:47:38,836 - INFO - Processing page 218/380
2024-11-10 17:47:40,941 - INFO - Processing page 219/380
2024-11-10 17:47:43,045 - INFO - Processing page 220/380
2024-11-10 17:47:45,155 - INFO - Processing page 221/380
2024-11-10 17:47:47,264 - INFO - Processing page 222/380
2024-11-10 17:47:49,373 - INFO - Processing page 223/380
2024-11-10 17:47:51,489 - INFO - Processing page 224/380
2024-11-10 17:47:53,597 - INFO - Processing page 225/380
2024-11-10 17:47:55,719 - INFO - Processing page 226/380
2024-11-10 17:47:57,865 - INFO - Processing page 227/380
2024-11-10 17:47:59,974 - INFO - Processing page 228/380
2024-11-10 17:48:02,068 - INFO - Processing page 229/380
2024-11-10 17:48:04,199 - INFO - Processing page 230/380
2024-11-10 17:48:06,345 - INFO - Processing page 231/380
2024-11-10 17:48:08,463 - INFO - Processing page 232/380
2024-11-10 17:48:10,555 - INFO - Processing page 233/380
2024-11-10 17:48:13,557 - INFO - Processing page 234/380
2024-11-10 17:48:15,657 - INFO - Processing page 235/380
2024-11-10 17:48:17,769 - INFO - Processing page 236/380
2024-11-10 17:48:19,864 - INFO - Processing page 237/380
2024-11-10 17:48:21,984 - INFO - Processing page 238/380
2024-11-10 17:48:24,090 - INFO - Processing page 239/380
2024-11-10 17:48:26,215 - INFO - Processing page 240/380
2024-11-10 17:48:28,328 - INFO - Processing page 241/380
2024-11-10 17:48:30,421 - INFO - Processing page 242/380
2024-11-10 17:48:32,544 - INFO - Processing page 243/380
2024-11-10 17:48:34,659 - INFO - Processing page 244/380
2024-11-10 17:48:36,800 - INFO - Processing page 245/380
2024-11-10 17:48:38,913 - INFO - Processing page 246/380
2024-11-10 17:48:41,018 - INFO - Processing page 247/380
2024-11-10 17:48:43,126 - INFO - Processing page 248/380
2024-11-10 17:48:45,240 - INFO - Processing page 249/380
2024-11-10 17:48:47,381 - INFO - Processing page 250/380
2024-11-10 17:48:49,486 - INFO - Processing page 251/380
2024-11-10 17:48:51,614 - INFO - Processing page 252/380
2024-11-10 17:48:53,753 - INFO - Processing page 253/380
2024-11-10 17:48:55,857 - INFO - Processing page 254/380
